<?xml version="1.0" encoding="UTF-8"?>
<!-- Generated by org.testng.reporters.JUnitReportReporter -->
<testsuite hostname="DESKTOP-KQ0EMK1" failures="0" tests="1" name="parallel.LoginTestFirefox" time="1.551" errors="0" timestamp="2024-03-02T13:07:38 CST" skipped="0">
  <testcase classname="parallel.LoginTestFirefox" name="loginTest" time="1.551"/>
  <system-out/>
</testsuite> <!-- parallel.LoginTestFirefox -->
